INFO    2022-12-10 10:32:23,745 [http-nio-8080-exec-1] ProyectoFinal.ProyectoFinal.service.DentistServiceImp  - Save Dentist wiht name: Esteban
INFO    2022-12-10 10:44:06,452 [http-nio-8080-exec-1] ProyectoFinal.ProyectoFinal.service.DentistServiceImp  - list Dentist
INFO    2022-12-10 10:44:20,732 [http-nio-8080-exec-3] ProyectoFinal.ProyectoFinal.service.DentistServiceImp  - Save Dentist wiht name: Esteban
INFO    2022-12-10 10:44:21,705 [http-nio-8080-exec-4] ProyectoFinal.ProyectoFinal.service.DentistServiceImp  - Save Dentist wiht name: Esteban
INFO    2022-12-10 10:44:22,795 [http-nio-8080-exec-5] ProyectoFinal.ProyectoFinal.service.DentistServiceImp  - Save Dentist wiht name: Esteban
INFO    2022-12-10 10:44:26,519 [http-nio-8080-exec-6] ProyectoFinal.ProyectoFinal.service.DentistServiceImp  - list Dentist
INFO    2022-12-10 10:58:28,696 [http-nio-8080-exec-2] ProyectoFinal.ProyectoFinal.service.DentistServiceImp  - Save Dentist wiht name: Esteban
INFO    2022-12-10 10:58:30,005 [http-nio-8080-exec-3] ProyectoFinal.ProyectoFinal.service.DentistServiceImp  - Save Dentist wiht name: Esteban
INFO    2022-12-10 10:58:31,170 [http-nio-8080-exec-4] ProyectoFinal.ProyectoFinal.service.DentistServiceImp  - Save Dentist wiht name: Esteban
INFO    2022-12-10 10:58:38,680 [http-nio-8080-exec-5] ProyectoFinal.ProyectoFinal.service.DentistServiceImp  - list Dentist with id: 1
INFO    2022-12-10 11:26:15,116 [http-nio-8080-exec-2] ProyectoFinal.ProyectoFinal.service.DentistServiceImp  - Save Dentist wiht name: Esteban
INFO    2022-12-10 11:26:18,086 [http-nio-8080-exec-3] ProyectoFinal.ProyectoFinal.service.DentistServiceImp  - Save Dentist wiht name: Esteban
INFO    2022-12-10 11:26:22,053 [http-nio-8080-exec-4] ProyectoFinal.ProyectoFinal.service.DentistServiceImp  - list Dentist with id: 1
INFO    2022-12-10 11:26:29,895 [http-nio-8080-exec-5] ProyectoFinal.ProyectoFinal.service.DentistServiceImp  - Dentist with id: 4No se encuentra
INFO    2022-12-10 11:26:29,895 [http-nio-8080-exec-5] ProyectoFinal.ProyectoFinal.service.DentistServiceImp  - list Dentist with id: 4
INFO    2022-12-10 11:27:00,054 [http-nio-8080-exec-6] ProyectoFinal.ProyectoFinal.service.DentistServiceImp  - list Dentist with id: 1
INFO    2022-12-10 12:14:38,435 [http-nio-8080-exec-1] ProyectoFinal.ProyectoFinal.service.DentistServiceImp  - Save Dentist wiht name: Esteban
INFO    2022-12-10 12:14:39,952 [http-nio-8080-exec-3] ProyectoFinal.ProyectoFinal.service.DentistServiceImp  - Save Dentist wiht name: Esteban
INFO    2022-12-10 12:15:53,083 [http-nio-8080-exec-6] ProyectoFinal.ProyectoFinal.service.DentistServiceImp  - list Dentist
INFO    2022-12-10 12:16:00,142 [http-nio-8080-exec-7] ProyectoFinal.ProyectoFinal.service.DentistServiceImp  - find Dentist with id: 1
INFO    2022-12-10 12:16:00,142 [http-nio-8080-exec-7] ProyectoFinal.ProyectoFinal.service.DentistServiceImp  - Update Dentist with name: pepito
INFO    2022-12-10 12:16:06,501 [http-nio-8080-exec-8] ProyectoFinal.ProyectoFinal.service.DentistServiceImp  - list Dentist
INFO    2022-12-10 12:32:17,770 [http-nio-8080-exec-3] ProyectoFinal.ProyectoFinal.service.DentistServiceImp  - Save Dentist wiht name: Esteban
INFO    2022-12-10 12:32:19,741 [http-nio-8080-exec-4] ProyectoFinal.ProyectoFinal.service.DentistServiceImp  - Save Dentist wiht name: Esteban
INFO    2022-12-10 12:33:10,128 [http-nio-8080-exec-5] ProyectoFinal.ProyectoFinal.service.DentistServiceImp  - Delete dentist wiht id: 1
INFO    2022-12-10 12:33:10,163 [http-nio-8080-exec-5] ProyectoFinal.ProyectoFinal.service.DentistServiceImp  - find Dentist with id: 1
INFO    2022-12-10 12:33:31,183 [http-nio-8080-exec-2] ProyectoFinal.ProyectoFinal.service.DentistServiceImp  - Delete dentist wiht id: 2
INFO    2022-12-10 12:33:31,184 [http-nio-8080-exec-2] ProyectoFinal.ProyectoFinal.service.DentistServiceImp  - find Dentist with id: 2
INFO    2022-12-10 12:33:56,187 [http-nio-8080-exec-6] ProyectoFinal.ProyectoFinal.service.DentistServiceImp  - Delete dentist wiht id: 2
INFO    2022-12-10 12:33:56,197 [http-nio-8080-exec-6] ProyectoFinal.ProyectoFinal.service.DentistServiceImp  - Dentist with id: 2 No se encuentra
INFO    2022-12-10 12:33:56,197 [http-nio-8080-exec-6] ProyectoFinal.ProyectoFinal.service.DentistServiceImp  - find Dentist with id: 2
INFO    2022-12-10 12:34:07,085 [http-nio-8080-exec-7] ProyectoFinal.ProyectoFinal.service.DentistServiceImp  - list Dentist
INFO    2022-12-10 12:34:10,752 [http-nio-8080-exec-9] ProyectoFinal.ProyectoFinal.service.DentistServiceImp  - Save Dentist wiht name: Esteban
INFO    2022-12-10 12:34:12,050 [http-nio-8080-exec-10] ProyectoFinal.ProyectoFinal.service.DentistServiceImp  - Save Dentist wiht name: Esteban
INFO    2022-12-10 12:34:12,995 [http-nio-8080-exec-1] ProyectoFinal.ProyectoFinal.service.DentistServiceImp  - Save Dentist wiht name: Esteban
INFO    2022-12-10 12:34:21,209 [http-nio-8080-exec-3] ProyectoFinal.ProyectoFinal.service.DentistServiceImp  - Delete dentist wiht id: 1
INFO    2022-12-10 12:34:21,212 [http-nio-8080-exec-3] ProyectoFinal.ProyectoFinal.service.DentistServiceImp  - Dentist with id: 1 No se encuentra
INFO    2022-12-10 12:34:21,212 [http-nio-8080-exec-3] ProyectoFinal.ProyectoFinal.service.DentistServiceImp  - find Dentist with id: 1
INFO    2022-12-10 12:34:36,938 [http-nio-8080-exec-5] ProyectoFinal.ProyectoFinal.service.DentistServiceImp  - Save Dentist wiht name: Esteban
INFO    2022-12-10 12:34:45,019 [http-nio-8080-exec-2] ProyectoFinal.ProyectoFinal.service.DentistServiceImp  - list Dentist
INFO    2022-12-10 12:35:02,637 [http-nio-8080-exec-6] ProyectoFinal.ProyectoFinal.service.DentistServiceImp  - Delete dentist wiht id: 3
INFO    2022-12-10 12:35:02,639 [http-nio-8080-exec-6] ProyectoFinal.ProyectoFinal.service.DentistServiceImp  - find Dentist with id: 3
INFO    2022-12-10 12:35:10,566 [http-nio-8080-exec-8] ProyectoFinal.ProyectoFinal.service.DentistServiceImp  - list Dentist
INFO    2022-12-10 12:37:23,233 [http-nio-8080-exec-10] ProyectoFinal.ProyectoFinal.service.DentistServiceImp  - Dentist with id: 1 No se encuentra
INFO    2022-12-10 12:37:23,233 [http-nio-8080-exec-10] ProyectoFinal.ProyectoFinal.service.DentistServiceImp  - find Dentist with id: 1
INFO    2022-12-10 12:37:23,233 [http-nio-8080-exec-10] ProyectoFinal.ProyectoFinal.service.DentistServiceImp  - Update Dentist with name: pepito
INFO    2022-12-10 12:37:28,492 [http-nio-8080-exec-1] ProyectoFinal.ProyectoFinal.service.DentistServiceImp  - list Dentist
